[01:38:46] [Client thread/INFO]: Setting user: Player820
[01:38:48] [Client thread/INFO]: LWJGL Version: 2.9.4
[01:38:49] [Client thread/INFO]: Reloading ResourceManager: Default
[01:38:51] [Sound Library Loader/INFO]: Starting up SoundSystem...
[01:38:51] [Thread-3/INFO]: Initializing LWJGL OpenAL
[01:38:51] [Thread-3/INFO]: (The LWJGL binding of OpenAL.  For more information, see http://www.lwjgl.org)
[01:38:53] [Thread-3/INFO]: OpenAL initialized.
[01:38:53] [Sound Library Loader/INFO]: Sound engine started
[01:38:57] [Client thread/INFO]: Created: 1024x512 textures-atlas
[01:39:00] [Client thread/INFO]: Narrator library for x64 successfully loaded
[01:39:07] [Server thread/INFO]: Starting integrated minecraft server version 1.12.2
[01:39:07] [Server thread/INFO]: Generating keypair
[01:39:08] [Server thread/INFO]: Loaded 488 advancements
[01:39:08] [Server thread/INFO]: Preparing start region for level 0
[01:39:09] [Server thread/INFO]: Preparing spawn area: 5%
[01:39:10] [Server thread/INFO]: Preparing spawn area: 12%
[01:39:11] [Server thread/INFO]: Preparing spawn area: 21%
[01:39:12] [Server thread/INFO]: Preparing spawn area: 32%
[01:39:13] [Server thread/INFO]: Preparing spawn area: 47%
[01:39:14] [Server thread/INFO]: Preparing spawn area: 57%
[01:39:15] [Server thread/INFO]: Preparing spawn area: 71%
[01:39:16] [Server thread/INFO]: Preparing spawn area: 88%
[01:39:17] [Server thread/INFO]: Changing view distance to 12, from 10
[01:39:19] [Server thread/INFO]: Player820[local:E:9d511df9] logged in with entity id 2013 at (590.5, 67.0, 163.5)
[01:39:19] [Server thread/INFO]: Player820 joined the game
[01:39:22] [Server thread/INFO]: Saving and pausing game...
[01:39:22] [Server thread/INFO]: Saving chunks for level 'mcpworld'/overworld
[01:39:23] [Server thread/INFO]: Saving chunks for level 'mcpworld'/the_nether
[01:39:23] [Server thread/INFO]: Saving chunks for level 'mcpworld'/the_end
[01:39:24] [Server thread/WARN]: Can't keep up! Did the system time change, or is the server overloaded? Running 2070ms behind, skipping 41 tick(s)
[01:39:27] [Server thread/INFO]: Saving and pausing game...
[01:39:27] [Server thread/INFO]: Saving chunks for level 'mcpworld'/overworld
[01:39:28] [Server thread/INFO]: Saving chunks for level 'mcpworld'/the_nether
[01:39:28] [Server thread/INFO]: Saving chunks for level 'mcpworld'/the_end
[01:39:50] [Server thread/INFO]: Changing view distance to 4, from 12
[01:41:48] [Server thread/INFO]: Saving and pausing game...
[01:41:48] [Server thread/INFO]: Saving chunks for level 'mcpworld'/overworld
[01:41:48] [Server thread/INFO]: Saving chunks for level 'mcpworld'/the_nether
[01:41:48] [Server thread/INFO]: Saving chunks for level 'mcpworld'/the_end
[01:41:50] [Server thread/INFO]: Stopping server
[01:41:50] [Server thread/INFO]: Saving players
[01:41:50] [Server thread/INFO]: Player820 lost connection: Disconnected
[01:41:50] [Server thread/INFO]: Player820 left the game
[01:41:50] [Server thread/INFO]: Stopping singleplayer server as player logged out
[01:41:50] [Server thread/INFO]: Saving worlds
[01:41:50] [Server thread/INFO]: Saving chunks for level 'mcpworld'/overworld
[01:41:50] [Server thread/INFO]: Saving chunks for level 'mcpworld'/the_nether
[01:41:50] [Server thread/INFO]: Saving chunks for level 'mcpworld'/the_end
[01:41:51] [Client thread/INFO]: Stopping!
[01:41:51] [Client thread/INFO]: SoundSystem shutting down...
[01:41:51] [Client thread/WARN]: Author: Paul Lamb, www.paulscode.com
